\BOOKMARK [0][-]{chapter.1}{Pr\351sentation du sujet}{}% 1
\BOOKMARK [1][-]{section.1.1}{Sujet 2 : NoDEfr-2, une norme pour la description des offres de formation}{chapter.1}% 2
\BOOKMARK [1][-]{section.1.2}{Sujet 2.4 : NoDEfr-2 XML vers OWL}{chapter.1}% 3
\BOOKMARK [1][-]{section.1.3}{Utilisation}{chapter.1}% 4
\BOOKMARK [2][-]{subsection.1.3.1}{R\351pertoire code}{section.1.3}% 5
\BOOKMARK [2][-]{subsection.1.3.2}{Execution}{section.1.3}% 6
\BOOKMARK [2][-]{subsection.1.3.3}{Validation}{section.1.3}% 7
\BOOKMARK [0][-]{chapter.2}{Formalisation du probl\350me}{}% 8
\BOOKMARK [0][-]{chapter.3}{Pr\351sentation des solutions}{}% 9
\BOOKMARK [1][-]{section.3.1}{Convertisseurs en ligne}{chapter.3}% 10
\BOOKMARK [1][-]{section.3.2}{Programme Python ou autre langage}{chapter.3}% 11
\BOOKMARK [1][-]{section.3.3}{Feuille XSLT}{chapter.3}% 12
\BOOKMARK [0][-]{chapter.4}{Impl\351mentation}{}% 13
\BOOKMARK [1][-]{section.4.1}{Description du document XML en entr\351e}{chapter.4}% 14
\BOOKMARK [1][-]{section.4.2}{Description de la sortie souhait\351e}{chapter.4}% 15
\BOOKMARK [1][-]{section.4.3}{D\351tails techniques}{chapter.4}% 16
\BOOKMARK [2][-]{subsection.4.3.1}{Templates}{section.4.3}% 17
\BOOKMARK [2][-]{subsection.4.3.2}{Restrictions}{section.4.3}% 18
\BOOKMARK [0][-]{chapter.5}{Conclusion}{}% 19
\BOOKMARK [1][-]{section.5.1}{Difficult\351s rencontr\351es}{chapter.5}% 20
\BOOKMARK [1][-]{section.5.2}{Am\351liorations}{chapter.5}% 21
\BOOKMARK [1][-]{section.5.3}{Conclusion g\351n\351rale}{chapter.5}% 22
